{
  "stats": {
    "suites": 1,
    "tests": 2,
    "passes": 2,
    "pending": 0,
    "failures": 0,
    "start": "2024-10-31T22:31:04.964Z",
    "end": "2024-10-31T22:31:38.563Z",
    "duration": 33599,
    "testsRegistered": 2,
    "passPercent": 100,
    "pendingPercent": 0,
    "other": 0,
    "hasOther": false,
    "skipped": 0,
    "hasSkipped": false
  },
  "results": [
    {
      "uuid": "efc27ed2-3114-4885-a241-3d30ca6530e7",
      "title": "",
      "fullFile": "cypress/e2e/applychallenge.cy.js",
      "file": "cypress/e2e/applychallenge.cy.js",
      "beforeHooks": [],
      "afterHooks": [],
      "tests": [],
      "suites": [
        {
          "uuid": "1e92f2dd-bae5-4738-9602-eb690dcf25bf",
          "title": "Automation Challenge",
          "fullFile": "",
          "file": "",
          "beforeHooks": [],
          "afterHooks": [],
          "tests": [
            {
              "title": "Add a product with a ramdong quantity and checkout ",
              "fullTitle": "Automation Challenge Add a product with a ramdong quantity and checkout ",
              "timedOut": null,
              "duration": 7798,
              "state": "passed",
              "speed": "medium",
              "pass": true,
              "fail": false,
              "pending": false,
              "context": null,
              "code": "_homepage.default.clickNavProducts();\n_productspage.default.clickProduct();\n_productspage.default.clearquantity();\n_productspage.default.typequantity();\ncy.screenshot(\"Ramdong Quantity\");\n_productspage.default.clickAdd();\n_productspage.default.clickViewCar();\n_cartpage.default.clickCheckout();\n_cartpage.default.clickLoginRegister();",
              "err": {},
              "uuid": "ef37f6ad-afa4-4402-877c-f87c5372d70e",
              "parentUUID": "1e92f2dd-bae5-4738-9602-eb690dcf25bf",
              "isHook": false,
              "skipped": false
            },
            {
              "title": "Complete checkout process with ramdong data",
              "fullTitle": "Automation Challenge Complete checkout process with ramdong data",
              "timedOut": null,
              "duration": 22041,
              "state": "passed",
              "speed": "slow",
              "pass": true,
              "fail": false,
              "pending": false,
              "context": null,
              "code": "_homepage.default.clickNavProducts();\n_productspage.default.clickProduct();\n_productspage.default.clearquantity();\n_productspage.default.typequantity();\ncy.screenshot(\"Ramdong Quantity\");\n_productspage.default.clickAdd();\n_productspage.default.clickViewCar();\n_cartpage.default.clickCheckout();\n_cartpage.default.clickLoginRegister();\n_siguppage.default.typeSigupName();\n_siguppage.default.typeSigupEmail();\n_siguppage.default.clickSigupBtn();\n_siguppage.default.clickGenderBtn();\n_siguppage.default.typeSigupPassword();\n_siguppage.default.typesSigupDays();\n_siguppage.default.typesSigupMoth();\n_siguppage.default.typesSigupYears();\n_siguppage.default.typeSigupFName();\n_siguppage.default.typeSigupLName();\n_siguppage.default.typesigupCompany();\n_siguppage.default.typesigupAddress();\n_siguppage.default.typesigupCountry();\n_siguppage.default.typesigupState();\n_siguppage.default.typesigupCity();\n_siguppage.default.typesigupZipCode();\n_siguppage.default.typsigupMobileNumber();\n_siguppage.default.clickSigupCreateAcountBtn();\n_account_createdpage.default.accountcreatep();\ncy.screenshot(\"Account Create\");\n_account_createdpage.default.clickContinue();\n_homepage.default.clickNavCart();\n_cartpage.default.clickCheckout();\n_checkoutpage.default.clickPlaceOrder();\n_paymentpage.default.typeCartName();\n_paymentpage.default.typeCartNumber();\n_paymentpage.default.typeCartCVC();\n_paymentpage.default.typeCartMM();\n_paymentpage.default.typeCartYear();\n_paymentpage.default.clickPayBtn();\n_paymentdonepage.default.orderPlaceT();\ncy.screenshot(\"Order Place\");\n_paymentdonepage.default.clickContinueBtn();\n_homepage.default.clickNavCart();\n_cartpage.default.carEntyText();\n_cartpage.default.clicknavLogout();\ncy.screenshot(\"Logout\");",
              "err": {},
              "uuid": "c521002e-0c9a-4e68-b4a5-57230a04d6b0",
              "parentUUID": "1e92f2dd-bae5-4738-9602-eb690dcf25bf",
              "isHook": false,
              "skipped": false
            }
          ],
          "suites": [],
          "passes": [
            "ef37f6ad-afa4-4402-877c-f87c5372d70e",
            "c521002e-0c9a-4e68-b4a5-57230a04d6b0"
          ],
          "failures": [],
          "pending": [],
          "skipped": [],
          "duration": 29839,
          "root": false,
          "rootEmpty": false,
          "_timeout": 2000
        }
      ],
      "passes": [],
      "failures": [],
      "pending": [],
      "skipped": [],
      "duration": 0,
      "root": true,
      "rootEmpty": true,
      "_timeout": 2000
    }
  ],
  "meta": {
    "mocha": {
      "version": "7.0.1"
    },
    "mochawesome": {
      "options": {
        "quiet": false,
        "reportFilename": "mochawesome",
        "saveHtml": true,
        "saveJson": true,
        "consoleReporter": "spec",
        "useInlineDiffs": false,
        "code": true
      },
      "version": "7.1.3"
    },
    "marge": {
      "options": {
        "reportDir": "cypress/reports",
        "overwrite": true,
        "html": true,
        "json": true,
        "charts": true,
        "embeddedScreenshots": true,
        "inlineAssets": true
      },
      "version": "6.2.0"
    }
  }
}