{
  "stats": {
    "suites": 2,
    "tests": 8,
    "passes": 8,
    "pending": 0,
    "failures": 0,
    "start": "2024-11-01T01:30:09.228Z",
    "end": "2024-11-01T01:31:43.243Z",
    "duration": 94015,
    "testsRegistered": 8,
    "passPercent": 100,
    "pendingPercent": 0,
    "other": 0,
    "hasOther": false,
    "skipped": 0,
    "hasSkipped": false
  },
  "results": [
    {
      "uuid": "544f5cbc-a120-4b94-bf87-2b8e276ead78",
      "title": "",
      "fullFile": "cypress/e2e/applychallenge.cy.js",
      "file": "cypress/e2e/applychallenge.cy.js",
      "beforeHooks": [],
      "afterHooks": [],
      "tests": [],
      "suites": [
        {
          "uuid": "7f9722eb-f334-4d65-9d11-97a37eca30a4",
          "title": "Automation Challenge",
          "fullFile": "",
          "file": "",
          "beforeHooks": [],
          "afterHooks": [],
          "tests": [
            {
              "title": "Add a product with a ramdong quantity and checkout without user ",
              "fullTitle": "Automation Challenge Add a product with a ramdong quantity and checkout without user ",
              "timedOut": null,
              "duration": 7770,
              "state": "passed",
              "speed": "medium",
              "pass": true,
              "fail": false,
              "pending": false,
              "context": null,
              "code": "_homepage.default.clickNavProducts();\n_productspage.default.clickProduct();\n_productspage.default.clearquantity();\n_productspage.default.typequantity();\ncy.screenshot(\"Ramdong Quantity\");\n_productspage.default.clickAdd();\n_productspage.default.clickViewCar();\n_cartpage.default.clickCheckout();\n_cartpage.default.clickLoginRegister();",
              "err": {},
              "uuid": "6f065f35-deb1-485d-b3be-67258bc81cb7",
              "parentUUID": "7f9722eb-f334-4d65-9d11-97a37eca30a4",
              "isHook": false,
              "skipped": false
            },
            {
              "title": "Add a product with a ramdong quantity and checkout with a valid user ",
              "fullTitle": "Automation Challenge Add a product with a ramdong quantity and checkout with a valid user ",
              "timedOut": null,
              "duration": 13018,
              "state": "passed",
              "speed": "slow",
              "pass": true,
              "fail": false,
              "pending": false,
              "context": null,
              "code": "_homepage.default.clickNavProducts();\n_productspage.default.clickProduct();\n_productspage.default.clearquantity();\n_productspage.default.typequantity();\ncy.screenshot(\"Ramdong Quantity\");\n_productspage.default.clickAdd();\n_productspage.default.clickViewCar();\n_cartpage.default.clickCheckout();\n_cartpage.default.clickLoginRegister();\n_login_registerpage.default.typeloginEmail(test.vemail);\n_login_registerpage.default.typeloginPassword(test.vpassword);\n_login_registerpage.default.clickloginBtn();",
              "err": {},
              "uuid": "e151d321-6323-41e1-afdb-fdee492a1348",
              "parentUUID": "7f9722eb-f334-4d65-9d11-97a37eca30a4",
              "isHook": false,
              "skipped": false
            },
            {
              "title": "Add a product with a ramdong quantity and checkout with a invalid user ",
              "fullTitle": "Automation Challenge Add a product with a ramdong quantity and checkout with a invalid user ",
              "timedOut": null,
              "duration": 6354,
              "state": "passed",
              "speed": "medium",
              "pass": true,
              "fail": false,
              "pending": false,
              "context": null,
              "code": "_homepage.default.clickNavProducts();\n_productspage.default.clickProduct();\n_productspage.default.clearquantity();\n_productspage.default.typequantity();\ncy.screenshot(\"Ramdong Quantity\");\n_productspage.default.clickAdd();\n_productspage.default.clickViewCar();\n_cartpage.default.clickCheckout();\n_cartpage.default.clickLoginRegister();\n_login_registerpage.default.typeloginEmail(test.iemail);\n_login_registerpage.default.typeloginPassword(test.ipassword);\n_login_registerpage.default.clickloginBtn();\n_login_registerpage.default.textloginForm();",
              "err": {},
              "uuid": "93026a54-b1fa-4655-9b53-9c9519799b34",
              "parentUUID": "7f9722eb-f334-4d65-9d11-97a37eca30a4",
              "isHook": false,
              "skipped": false
            },
            {
              "title": "Complete checkout process with ramdong data",
              "fullTitle": "Automation Challenge Complete checkout process with ramdong data",
              "timedOut": null,
              "duration": 21111,
              "state": "passed",
              "speed": "slow",
              "pass": true,
              "fail": false,
              "pending": false,
              "context": null,
              "code": "_homepage.default.clickNavProducts();\n_productspage.default.clickProduct();\n_productspage.default.clearquantity();\n_productspage.default.typequantity();\ncy.screenshot(\"Ramdong Quantity\");\n_productspage.default.clickAdd();\n_productspage.default.clickViewCar();\n_cartpage.default.clickCheckout();\n_cartpage.default.clickLoginRegister();\n_login_registerpage.default.typeSigupName();\n_login_registerpage.default.typeSigupEmail();\n_login_registerpage.default.clickSigupBtn();\n_login_registerpage.default.clickGenderBtn();\n_login_registerpage.default.typeSigupPassword();\n_login_registerpage.default.typesSigupDays();\n_login_registerpage.default.typesSigupMoth();\n_login_registerpage.default.typesSigupYears();\n_login_registerpage.default.typeSigupFName();\n_login_registerpage.default.typeSigupLName();\n_login_registerpage.default.typesigupCompany();\n_login_registerpage.default.typesigupAddress();\n_login_registerpage.default.typesigupCountry();\n_login_registerpage.default.typesigupState();\n_login_registerpage.default.typesigupCity();\n_login_registerpage.default.typesigupZipCode();\n_login_registerpage.default.typsigupMobileNumber();\n_login_registerpage.default.clickSigupCreateAcountBtn();\n_account_createdpage.default.accountcreatep();\ncy.screenshot(\"Account Create\");\n_account_createdpage.default.clickContinue();\n_homepage.default.clickNavCart();\n_cartpage.default.clickCheckout();\n_checkoutpage.default.clickPlaceOrder();\n_paymentpage.default.typeCartName();\n_paymentpage.default.typeCartNumber();\n_paymentpage.default.typeCartCVC();\n_paymentpage.default.typeCartMM();\n_paymentpage.default.typeCartYear();\n_paymentpage.default.clickPayBtn();\n_paymentdonepage.default.orderPlaceT();\ncy.screenshot(\"Order Place\");\n_paymentdonepage.default.clickContinueBtn();\n_homepage.default.clickNavCart();\n_cartpage.default.carEntyText();\n_cartpage.default.clicknavLogout();\ncy.screenshot(\"Logout\");",
              "err": {},
              "uuid": "02002f23-ea30-4798-8003-0a22b7f2660f",
              "parentUUID": "7f9722eb-f334-4d65-9d11-97a37eca30a4",
              "isHook": false,
              "skipped": false
            }
          ],
          "suites": [],
          "passes": [
            "6f065f35-deb1-485d-b3be-67258bc81cb7",
            "e151d321-6323-41e1-afdb-fdee492a1348",
            "93026a54-b1fa-4655-9b53-9c9519799b34",
            "02002f23-ea30-4798-8003-0a22b7f2660f"
          ],
          "failures": [],
          "pending": [],
          "skipped": [],
          "duration": 48253,
          "root": false,
          "rootEmpty": false,
          "_timeout": 2000
        },
        {
          "uuid": "29fe3901-d40c-4616-a1ed-6948c3218360",
          "title": "Automation Challenge Mobile Viewport",
          "fullFile": "",
          "file": "",
          "beforeHooks": [],
          "afterHooks": [],
          "tests": [
            {
              "title": "Add a product with a ramdong quantity and checkout without user ",
              "fullTitle": "Automation Challenge Mobile Viewport Add a product with a ramdong quantity and checkout without user ",
              "timedOut": null,
              "duration": 7291,
              "state": "passed",
              "speed": "medium",
              "pass": true,
              "fail": false,
              "pending": false,
              "context": null,
              "code": "cy.viewport('iphone-x', 'landscape');\n_homepage.default.clickNavProducts();\n_productspage.default.clickProduct();\n_productspage.default.clearquantity();\n_productspage.default.typequantity();\ncy.screenshot(\"Ramdong Quantity iphone-x Viewport\");\n_productspage.default.clickAdd();\n_productspage.default.clickViewCar();\n_cartpage.default.clickCheckout();\n_cartpage.default.clickLoginRegister();",
              "err": {},
              "uuid": "a6031ed9-da71-47fd-a1c9-51533a8b732b",
              "parentUUID": "29fe3901-d40c-4616-a1ed-6948c3218360",
              "isHook": false,
              "skipped": false
            },
            {
              "title": "Add a product with a ramdong quantity and checkout with a valid user ",
              "fullTitle": "Automation Challenge Mobile Viewport Add a product with a ramdong quantity and checkout with a valid user ",
              "timedOut": null,
              "duration": 7641,
              "state": "passed",
              "speed": "medium",
              "pass": true,
              "fail": false,
              "pending": false,
              "context": null,
              "code": "cy.viewport('samsung-note9', 'portrait');\n_homepage.default.clickNavProducts();\n_productspage.default.clickProduct();\n_productspage.default.clearquantity();\n_productspage.default.typequantity();\ncy.screenshot(\"Ramdong Quantity samsung-note9 Viewpor\");\n_productspage.default.clickAdd();\n_productspage.default.clickViewCar();\n_cartpage.default.clickCheckout();\n_cartpage.default.clickLoginRegister();\n_login_registerpage.default.typeloginEmail(test.vemail);\n_login_registerpage.default.typeloginPassword(test.vpassword);\n_login_registerpage.default.clickloginBtn();",
              "err": {},
              "uuid": "d0acf69b-e827-4e8b-9045-0acdfaa269dc",
              "parentUUID": "29fe3901-d40c-4616-a1ed-6948c3218360",
              "isHook": false,
              "skipped": false
            },
            {
              "title": "Add a product with a ramdong quantity and checkout with a invalid user ",
              "fullTitle": "Automation Challenge Mobile Viewport Add a product with a ramdong quantity and checkout with a invalid user ",
              "timedOut": null,
              "duration": 5400,
              "state": "passed",
              "speed": "medium",
              "pass": true,
              "fail": false,
              "pending": false,
              "context": null,
              "code": "cy.viewport('ipad-mini', 'portrait');\n_homepage.default.clickNavProducts();\n_productspage.default.clickProduct();\n_productspage.default.clearquantity();\n_productspage.default.typequantity();\ncy.screenshot(\"Ramdong Quantity ipad-mini Viewport\");\n_productspage.default.clickAdd();\n_productspage.default.clickViewCar();\n_cartpage.default.clickCheckout();\n_cartpage.default.clickLoginRegister();\n_login_registerpage.default.typeloginEmail(test.iemail);\n_login_registerpage.default.typeloginPassword(test.ipassword);\n_login_registerpage.default.clickloginBtn();\n_login_registerpage.default.textloginForm();",
              "err": {},
              "uuid": "f5c9755b-fb82-4da8-9a35-cc5540aeee20",
              "parentUUID": "29fe3901-d40c-4616-a1ed-6948c3218360",
              "isHook": false,
              "skipped": false
            },
            {
              "title": "Complete checkout process with ramdong data",
              "fullTitle": "Automation Challenge Mobile Viewport Complete checkout process with ramdong data",
              "timedOut": null,
              "duration": 21456,
              "state": "passed",
              "speed": "slow",
              "pass": true,
              "fail": false,
              "pending": false,
              "context": null,
              "code": "cy.viewport('samsung-s10', 'portrait');\n_homepage.default.clickNavProducts();\n_productspage.default.clickProduct();\n_productspage.default.clearquantity();\n_productspage.default.typequantity();\ncy.screenshot(\"Ramdong Quantity\");\n_productspage.default.clickAdd();\n_productspage.default.clickViewCar();\n_cartpage.default.clickCheckout();\n_cartpage.default.clickLoginRegister();\n_login_registerpage.default.typeSigupName();\n_login_registerpage.default.typeSigupEmail();\n_login_registerpage.default.clickSigupBtn();\n_login_registerpage.default.clickGenderBtn();\n_login_registerpage.default.typeSigupPassword();\n_login_registerpage.default.typesSigupDays();\n_login_registerpage.default.typesSigupMoth();\n_login_registerpage.default.typesSigupYears();\n_login_registerpage.default.typeSigupFName();\n_login_registerpage.default.typeSigupLName();\n_login_registerpage.default.typesigupCompany();\n_login_registerpage.default.typesigupAddress();\n_login_registerpage.default.typesigupCountry();\n_login_registerpage.default.typesigupState();\n_login_registerpage.default.typesigupCity();\n_login_registerpage.default.typesigupZipCode();\n_login_registerpage.default.typsigupMobileNumber();\n_login_registerpage.default.clickSigupCreateAcountBtn();\n_account_createdpage.default.accountcreatep();\ncy.screenshot(\"Account Create\");\n_account_createdpage.default.clickContinue();\n_homepage.default.clickNavCart();\n_cartpage.default.clickCheckout();\n_checkoutpage.default.clickPlaceOrder();\n_paymentpage.default.typeCartName();\n_paymentpage.default.typeCartNumber();\n_paymentpage.default.typeCartCVC();\n_paymentpage.default.typeCartMM();\n_paymentpage.default.typeCartYear();\n_paymentpage.default.clickPayBtn();\n_paymentdonepage.default.orderPlaceT();\ncy.screenshot(\"Order Place\");\n_paymentdonepage.default.clickContinueBtn();\n_homepage.default.clickNavCart();\n_cartpage.default.carEntyText();\n_cartpage.default.clicknavLogout();\ncy.screenshot(\"Logout Viewport samsung-s10\");",
              "err": {},
              "uuid": "753f31ca-ca57-452c-ac7d-ab1916cb8298",
              "parentUUID": "29fe3901-d40c-4616-a1ed-6948c3218360",
              "isHook": false,
              "skipped": false
            }
          ],
          "suites": [],
          "passes": [
            "a6031ed9-da71-47fd-a1c9-51533a8b732b",
            "d0acf69b-e827-4e8b-9045-0acdfaa269dc",
            "f5c9755b-fb82-4da8-9a35-cc5540aeee20",
            "753f31ca-ca57-452c-ac7d-ab1916cb8298"
          ],
          "failures": [],
          "pending": [],
          "skipped": [],
          "duration": 41788,
          "root": false,
          "rootEmpty": false,
          "_timeout": 2000
        }
      ],
      "passes": [],
      "failures": [],
      "pending": [],
      "skipped": [],
      "duration": 0,
      "root": true,
      "rootEmpty": true,
      "_timeout": 2000
    }
  ],
  "meta": {
    "mocha": {
      "version": "7.0.1"
    },
    "mochawesome": {
      "options": {
        "quiet": false,
        "reportFilename": "mochawesome",
        "saveHtml": true,
        "saveJson": true,
        "consoleReporter": "spec",
        "useInlineDiffs": false,
        "code": true
      },
      "version": "7.1.3"
    },
    "marge": {
      "options": {
        "reportDir": "cypress/reports",
        "overwrite": true,
        "html": true,
        "json": true,
        "charts": true,
        "embeddedScreenshots": true,
        "inlineAssets": true
      },
      "version": "6.2.0"
    }
  }
}